2017-Sep-13 14:21:05 Наличие необходимых модулей php (check_php_modules): Ok
Все необходимые модули установлены
2017-Sep-13 14:21:05 Обязательные параметры PHP (check_php_settings): Ok
Настройки правильные
2017-Sep-13 14:21:05 Модули веб-сервера (check_security): Ok
Конфликтов не выявлено
2017-Sep-13 14:21:05 Значения переменных сервера (check_server_vars): Ok
Корректные
2017-Sep-13 14:21:05 Сохранение сессии (check_session): Ok
50% done
2017-Sep-13 14:21:05 Сохранение сессии (check_session): Ok
Успешно
2017-Sep-13 14:21:05 Параметры настройки UTF (mbstring и константа BX_UTF) (check_mbstring): Ok
Правильные. Сайт работает в UTF кодировке
2017-Sep-13 14:21:05 Служебные скрипты в корне сайта (check_install_scripts): Ok
Отсутствуют
2017-Sep-13 14:21:05 Работа с сокетами (check_socket): Ok
Connection to 192.168.2.201:80	Success

Успешно
2017-Sep-13 14:21:05 Выполнение агентов на cron (check_bx_crontab): Fail
Ошибка! Не настроен запуск cron_events.php на cron, последний агент отработал больше суток назад.
2017-Sep-13 14:21:05 Параметры подключения к базе данных (check_dbconn_settings): Ok
Успешно
2017-Sep-13 14:21:05 Лишний вывод в файлах конфигурации (check_dbconn): Ok
Connection to 192.168.2.201:80	Success

Успешно
2017-Sep-13 14:21:05 Сохранение сессии без UserAgent (check_session_ua): Ok
50% done
Connection to 192.168.2.201:80	Success

2017-Sep-13 14:21:05 Сохранение сессии без UserAgent (check_session_ua): Ok
Connection to 192.168.2.201:80	Success

Успешно
2017-Sep-13 14:21:05 Настройки сайтов (check_sites): Ok
Правильные
2017-Sep-13 14:21:05 Передача объектов по ссылке (check_clone): Ok
Успешно
2017-Sep-13 14:21:05 Размер стека и pcre.recursion_limit (check_pcre_recursion): Warning
Connection to 192.168.2.201:80	Success

Замечание. Возможны проблемы в работе с длинными строками из-за системных ограничений
2017-Sep-13 14:21:05 Вызов method_exists на строке (check_method_exists): Ok
Connection to 192.168.2.201:80	Success

Успешно
2017-Sep-13 14:21:05 Загрузка файла (check_upload): Ok
Connection to 192.168.2.201:80	Success

Успешно
2017-Sep-13 14:21:05 Загрузка файла больше 4Мб (check_upload_big): Ok
Connection to 192.168.2.201:80	Success

Успешно
2017-Sep-13 14:21:06 Загрузка файла через php://input (check_upload_raw): Ok
Connection to 192.168.2.201:80	Success

Успешно
2017-Sep-13 14:21:06 Передача POST запроса с большим числом параметров (check_post): Ok
Connection to 192.168.2.201:80	Success

Успешно
2017-Sep-13 14:21:06 Отправка почты (check_mail): Ok
Успешно
2017-Sep-13 14:21:06 Отправка почтового сообщения больше 64Кб (check_mail_big): Ok
Успешно
2017-Sep-13 14:21:06 Проверка на наличие неотправленных сообщений (check_mail_b_event): Fail
Ошибка! Есть ошибки при отправке системных почтовых сообщений, число неотправленных сообщений: 1 Определена константа BX_CRONTAB_SUPPORT в /bitrix/php_interface/dbconn.php, при этом должен быть настроен вызов агентов на cron.
2017-Sep-13 14:21:06 Внутреннее перенаправление (функция LocalRedirect) (check_localredirect): Ok
50% done
Connection to 192.168.2.201:80	Success

2017-Sep-13 14:21:06 Внутреннее перенаправление (функция LocalRedirect) (check_localredirect): Ok
Connection to 192.168.2.201:80	Success

Успешно
2017-Sep-13 14:21:06 Фактическое ограничение памяти (check_memory_limit): Ok
20% done
Connection to 192.168.2.201:80	Success

2017-Sep-13 14:21:06 Фактическое ограничение памяти (check_memory_limit): Ok
40% done
Connection to 192.168.2.201:80	Success

2017-Sep-13 14:21:06 Фактическое ограничение памяти (check_memory_limit): Ok
60% done
Connection to 192.168.2.201:80	Success

2017-Sep-13 14:21:06 Фактическое ограничение памяти (check_memory_limit): Ok
80% done
Connection to 192.168.2.201:80	Success

2017-Sep-13 14:21:06 Фактическое ограничение памяти (check_memory_limit): Ok
Connection to 192.168.2.201:80	Success

Не менее 256 М
2017-Sep-13 14:21:07 Работа с файлами кеша (check_cache): Ok
Успешно
2017-Sep-13 14:21:08 Доступ к серверу обновлений (check_update): Ok
Успешно
2017-Sep-13 14:21:08 HTTP авторизация (check_http_auth): Ok
Connection to 192.168.2.201:80	Success

Успешно
2017-Sep-13 14:21:08 Создание и запуск файла (check_exec): Ok
Connection to 192.168.2.201:80	Success

Успешно
2017-Sep-13 14:21:08 Функция getimagesize для swf (check_getimagesize): Ok
Успешно
2017-Sep-13 14:21:08 Версия MySQL-сервера (check_mysql_bug_version): Ok
Успешно
2017-Sep-13 14:21:09 Время на БД и веб-сервере (check_mysql_time): Ok
Успешно
2017-Sep-13 14:21:09 Режим работы MySQL (check_mysql_mode): Ok
Успешно
2017-Sep-13 14:21:09 Кодировка соединения (check_mysql_connection_charset): Ok
character_set_connection=utf8, collation_connection=utf8_unicode_ci, character_set_results=utf8
Успешно
2017-Sep-13 14:21:09 Кодировка базы данных (check_mysql_db_charset): Ok
CHARSET=utf8, COLLATION=utf8_unicode_ci
Успешно
2017-Sep-13 14:21:09 Кодировки таблиц в БД (check_mysql_table_charset): Ok
Успешно
2017-Sep-13 14:21:09 Структура базы данных (check_mysql_table_structure): Ok
0% done
2017-Sep-13 14:21:18 Структура базы данных (check_mysql_table_structure): Ok
2% done
2017-Sep-13 14:21:22 Структура базы данных (check_mysql_table_structure): Ok
4% done
2017-Sep-13 14:21:22 Структура базы данных (check_mysql_table_structure): Ok
6% done
2017-Sep-13 14:21:29 Структура базы данных (check_mysql_table_structure): Ok
8% done
2017-Sep-13 14:21:30 Структура базы данных (check_mysql_table_structure): Ok
10% done
2017-Sep-13 14:21:31 Структура базы данных (check_mysql_table_structure): Ok
12% done
2017-Sep-13 14:21:37 Структура базы данных (check_mysql_table_structure): Ok
14% done
2017-Sep-13 14:21:43 Структура базы данных (check_mysql_table_structure): Ok
16% done
2017-Sep-13 14:21:47 Структура базы данных (check_mysql_table_structure): Ok
18% done
2017-Sep-13 14:21:47 Структура базы данных (check_mysql_table_structure): Ok
20% done
2017-Sep-13 14:21:48 Структура базы данных (check_mysql_table_structure): Ok
22% done
2017-Sep-13 14:21:53 Структура базы данных (check_mysql_table_structure): Ok
24% done
2017-Sep-13 14:21:53 Структура базы данных (check_mysql_table_structure): Ok
26% done
2017-Sep-13 14:21:53 Структура базы данных (check_mysql_table_structure): Ok
28% done
2017-Sep-13 14:21:54 Структура базы данных (check_mysql_table_structure): Ok
30% done
2017-Sep-13 14:22:05 Структура базы данных (check_mysql_table_structure): Ok
32% done
2017-Sep-13 14:22:25 Структура базы данных (check_mysql_table_structure): Ok
34% done
2017-Sep-13 14:22:25 Структура базы данных (check_mysql_table_structure): Ok
36% done
2017-Sep-13 14:22:34 Структура базы данных (check_mysql_table_structure): Ok
38% done
2017-Sep-13 14:22:34 Структура базы данных (check_mysql_table_structure): Ok
40% done
2017-Sep-13 14:22:36 Структура базы данных (check_mysql_table_structure): Ok
42% done
2017-Sep-13 14:22:50 Структура базы данных (check_mysql_table_structure): Ok
44% done
2017-Sep-13 14:22:59 Структура базы данных (check_mysql_table_structure): Ok
46% done
2017-Sep-13 14:23:00 Структура базы данных (check_mysql_table_structure): Ok
48% done
2017-Sep-13 14:23:01 Структура базы данных (check_mysql_table_structure): Ok
51% done
2017-Sep-13 14:23:19 Структура базы данных (check_mysql_table_structure): Ok
53% done
2017-Sep-13 14:23:26 Структура базы данных (check_mysql_table_structure): Ok
55% done
2017-Sep-13 14:23:28 Структура базы данных (check_mysql_table_structure): Ok
57% done
2017-Sep-13 14:23:33 Структура базы данных (check_mysql_table_structure): Ok
59% done
2017-Sep-13 14:23:33 Структура базы данных (check_mysql_table_structure): Ok
61% done
2017-Sep-13 14:23:49 Структура базы данных (check_mysql_table_structure): Ok
63% done
2017-Sep-13 14:23:58 Структура базы данных (check_mysql_table_structure): Ok
65% done
2017-Sep-13 14:23:58 Структура базы данных (check_mysql_table_structure): Ok
67% done
2017-Sep-13 14:24:59 Структура базы данных (check_mysql_table_structure): Ok
69% done
