2017-Sep-06 10:23:41 Наличие необходимых модулей php (check_php_modules): Ok
Все необходимые модули установлены
2017-Sep-06 10:23:41 Обязательные параметры PHP (check_php_settings): Ok
Настройки правильные
2017-Sep-06 10:23:41 Модули веб-сервера (check_security): Ok
Конфликтов не выявлено
2017-Sep-06 10:23:41 Значения переменных сервера (check_server_vars): Ok
Корректные
2017-Sep-06 10:23:41 Сохранение сессии (check_session): Ok
50% done
2017-Sep-06 10:23:41 Сохранение сессии (check_session): Ok
Успешно
2017-Sep-06 10:23:41 Параметры настройки UTF (mbstring и константа BX_UTF) (check_mbstring): Ok
Правильные. Сайт работает в UTF кодировке
2017-Sep-06 10:23:41 Служебные скрипты в корне сайта (check_install_scripts): Ok
Отсутствуют
2017-Sep-06 10:23:41 Работа с сокетами (check_socket): Ok
Connection to bitrix.lc:80	Success

Успешно
2017-Sep-06 10:23:41 Выполнение агентов на cron (check_bx_crontab): Ok
Успешно
2017-Sep-06 10:23:41 Параметры подключения к базе данных (check_dbconn_settings): Ok
Успешно
2017-Sep-06 10:23:41 Лишний вывод в файлах конфигурации (check_dbconn): Ok
Connection to bitrix.lc:80	Success

Успешно
2017-Sep-06 10:23:42 Сохранение сессии без UserAgent (check_session_ua): Ok
50% done
Connection to bitrix.lc:80	Success

2017-Sep-06 10:23:42 Сохранение сессии без UserAgent (check_session_ua): Ok
Connection to bitrix.lc:80	Success

Успешно
2017-Sep-06 10:23:42 Настройки сайтов (check_sites): Ok
Правильные
2017-Sep-06 10:23:42 Передача объектов по ссылке (check_clone): Ok
Успешно
2017-Sep-06 10:23:42 Размер стека и pcre.recursion_limit (check_pcre_recursion): Warning
Connection to bitrix.lc:80	Success

Замечание. Возможны проблемы в работе с длинными строками из-за системных ограничений
2017-Sep-06 10:23:42 Вызов method_exists на строке (check_method_exists): Ok
Connection to bitrix.lc:80	Success

Успешно
2017-Sep-06 10:23:42 Загрузка файла (check_upload): Ok
Connection to bitrix.lc:80	Success

Успешно
2017-Sep-06 10:23:42 Загрузка файла больше 4Мб (check_upload_big): Ok
Connection to bitrix.lc:80	Success

Успешно
2017-Sep-06 10:23:42 Загрузка файла через php://input (check_upload_raw): Ok
Connection to bitrix.lc:80	Success

Успешно
2017-Sep-06 10:23:42 Передача POST запроса с большим числом параметров (check_post): Ok
Connection to bitrix.lc:80	Success

Успешно
2017-Sep-06 10:23:42 Отправка почты (check_mail): Ok
Успешно
2017-Sep-06 10:23:42 Отправка почтового сообщения больше 64Кб (check_mail_big): Ok
Успешно
2017-Sep-06 10:23:42 Проверка на наличие неотправленных сообщений (check_mail_b_event): Ok
Успешно
2017-Sep-06 10:23:42 Внутреннее перенаправление (функция LocalRedirect) (check_localredirect): Ok
50% done
Connection to bitrix.lc:80	Success

2017-Sep-06 10:23:42 Внутреннее перенаправление (функция LocalRedirect) (check_localredirect): Ok
Connection to bitrix.lc:80	Success

Успешно
2017-Sep-06 10:23:42 Фактическое ограничение памяти (check_memory_limit): Ok
20% done
Connection to bitrix.lc:80	Success

2017-Sep-06 10:23:42 Фактическое ограничение памяти (check_memory_limit): Ok
40% done
Connection to bitrix.lc:80	Success

2017-Sep-06 10:23:42 Фактическое ограничение памяти (check_memory_limit): Ok
60% done
Connection to bitrix.lc:80	Success

2017-Sep-06 10:23:43 Фактическое ограничение памяти (check_memory_limit): Ok
80% done
Connection to bitrix.lc:80	Success

2017-Sep-06 10:23:43 Фактическое ограничение памяти (check_memory_limit): Ok
Connection to bitrix.lc:80	Success

Не менее 256 М
2017-Sep-06 10:23:43 Работа с файлами кеша (check_cache): Ok
Успешно
2017-Sep-06 10:23:44 Доступ к серверу обновлений (check_update): Ok
Успешно
2017-Sep-06 10:23:44 HTTP авторизация (check_http_auth): Ok
Connection to bitrix.lc:80	Success

Успешно
2017-Sep-06 10:23:44 Создание и запуск файла (check_exec): Ok
Connection to bitrix.lc:80	Success

Успешно
2017-Sep-06 10:23:44 Функция getimagesize для swf (check_getimagesize): Ok
Успешно
2017-Sep-06 10:23:44 Версия MySQL-сервера (check_mysql_bug_version): Ok
Успешно
2017-Sep-06 10:23:45 Время на БД и веб-сервере (check_mysql_time): Ok
Успешно
2017-Sep-06 10:23:45 Режим работы MySQL (check_mysql_mode): Ok
Успешно
2017-Sep-06 10:23:45 Кодировка соединения (check_mysql_connection_charset): Ok
character_set_connection=utf8, collation_connection=utf8_unicode_ci, character_set_results=utf8
Успешно
2017-Sep-06 10:23:45 Кодировка базы данных (check_mysql_db_charset): Ok
CHARSET=utf8, COLLATION=utf8_unicode_ci
Успешно
2017-Sep-06 10:23:45 Кодировки таблиц в БД (check_mysql_table_charset): Ok
Успешно
2017-Sep-06 10:23:50 Структура базы данных (check_mysql_table_structure): Ok
0% done
2017-Sep-06 10:23:50 Структура базы данных (check_mysql_table_structure): Ok
2% done
2017-Sep-06 10:23:57 Структура базы данных (check_mysql_table_structure): Ok
4% done
2017-Sep-06 10:24:00 Структура базы данных (check_mysql_table_structure): Ok
6% done
2017-Sep-06 10:24:10 Структура базы данных (check_mysql_table_structure): Ok
8% done
2017-Sep-06 10:24:10 Структура базы данных (check_mysql_table_structure): Ok
10% done
2017-Sep-06 10:24:10 Структура базы данных (check_mysql_table_structure): Ok
12% done
2017-Sep-06 10:24:11 Структура базы данных (check_mysql_table_structure): Ok
14% done
2017-Sep-06 10:24:11 Структура базы данных (check_mysql_table_structure): Ok
16% done
2017-Sep-06 10:25:26 Структура базы данных (check_mysql_table_structure): Ok
18% done
2017-Sep-06 10:25:26 Структура базы данных (check_mysql_table_structure): Ok
20% done
2017-Sep-06 10:25:26 Структура базы данных (check_mysql_table_structure): Ok
22% done
2017-Sep-06 10:25:33 Структура базы данных (check_mysql_table_structure): Ok
24% done
2017-Sep-06 10:25:33 Структура базы данных (check_mysql_table_structure): Ok
26% done
2017-Sep-06 10:25:33 Структура базы данных (check_mysql_table_structure): Ok
28% done
2017-Sep-06 10:25:41 Структура базы данных (check_mysql_table_structure): Ok
30% done
2017-Sep-06 10:26:03 Структура базы данных (check_mysql_table_structure): Ok
32% done
2017-Sep-06 10:26:19 Структура базы данных (check_mysql_table_structure): Ok
34% done
2017-Sep-06 10:26:19 Структура базы данных (check_mysql_table_structure): Ok
36% done
2017-Sep-06 10:27:02 Структура базы данных (check_mysql_table_structure): Ok
38% done
2017-Sep-06 10:27:02 Структура базы данных (check_mysql_table_structure): Ok
40% done
2017-Sep-06 10:27:02 Структура базы данных (check_mysql_table_structure): Ok
42% done
2017-Sep-06 10:27:06 Структура базы данных (check_mysql_table_structure): Ok
44% done
2017-Sep-06 10:27:16 Структура базы данных (check_mysql_table_structure): Ok
46% done
2017-Sep-06 10:27:27 Структура базы данных (check_mysql_table_structure): Ok
48% done
2017-Sep-06 10:27:30 Структура базы данных (check_mysql_table_structure): Ok
51% done
2017-Sep-06 10:27:40 Структура базы данных (check_mysql_table_structure): Ok
53% done
2017-Sep-06 10:27:41 Структура базы данных (check_mysql_table_structure): Ok
55% done
2017-Sep-06 10:27:41 Структура базы данных (check_mysql_table_structure): Ok
57% done
2017-Sep-06 10:27:41 Структура базы данных (check_mysql_table_structure): Ok
59% done
2017-Sep-06 10:27:48 Структура базы данных (check_mysql_table_structure): Ok
61% done
2017-Sep-06 10:27:52 Структура базы данных (check_mysql_table_structure): Ok
63% done
2017-Sep-06 10:27:52 Структура базы данных (check_mysql_table_structure): Ok
65% done
2017-Sep-06 10:27:54 Структура базы данных (check_mysql_table_structure): Ok
67% done
2017-Sep-06 10:27:56 Структура базы данных (check_mysql_table_structure): Ok
69% done
2017-Sep-06 10:27:57 Структура базы данных (check_mysql_table_structure): Ok
71% done
2017-Sep-06 10:28:05 Структура базы данных (check_mysql_table_structure): Ok
73% done
2017-Sep-06 10:28:06 Структура базы данных (check_mysql_table_structure): Ok
75% done
2017-Sep-06 10:28:17 Структура базы данных (check_mysql_table_structure): Ok
77% done
2017-Sep-06 10:28:18 Структура базы данных (check_mysql_table_structure): Ok
79% done
2017-Sep-06 10:28:34 Структура базы данных (check_mysql_table_structure): Ok
81% done
2017-Sep-06 10:28:46 Структура базы данных (check_mysql_table_structure): Ok
83% done
2017-Sep-06 10:28:46 Структура базы данных (check_mysql_table_structure): Ok
85% done
2017-Sep-06 10:29:03 Структура базы данных (check_mysql_table_structure): Ok
87% done
2017-Sep-06 10:29:07 Структура базы данных (check_mysql_table_structure): Ok
89% done
2017-Sep-06 10:29:09 Структура базы данных (check_mysql_table_structure): Ok
91% done
2017-Sep-06 10:29:09 Структура базы данных (check_mysql_table_structure): Ok
93% done
2017-Sep-06 10:29:16 Структура базы данных (check_mysql_table_structure): Ok
95% done
2017-Sep-06 10:29:16 Структура базы данных (check_mysql_table_structure): Ok
97% done
2017-Sep-06 10:29:16 Структура базы данных (check_mysql_table_structure): Ok
Успешно
